<?xml version="1.0" encoding="UTF-8"?>
<!-- Generated by org.testng.reporters.JUnitXMLReporter -->
<testsuite ignored="0" hostname="Sourabh" failures="0" tests="9" name="Default test" time="44.223" errors="0" timestamp="2022-12-09T21:12:01 IST">
  <testcase classname="OrchidCollegeWebSite.Sample" name="contactUs" time="4.353"/>
  <testcase classname="OrchidCollegeWebSite.Sample" name="entcDepartment" time="3.681"/>
  <testcase classname="OrchidCollegeWebSite.Sample" name="entcDepartmentStaff1" time="0.69"/>
  <testcase classname="OrchidCollegeWebSite.Sample" name="entcDepartmentStaff2" time="0.071"/>
  <testcase classname="OrchidCollegeWebSite.Sample" name="linkTestFacebookLink" time="0.232"/>
  <testcase classname="OrchidCollegeWebSite.Sample" name="linkTestLinkediInLink" time="5.269"/>
  <testcase classname="OrchidCollegeWebSite.Sample" name="linkTestTwitterLink" time="5.249"/>
  <testcase classname="OrchidCollegeWebSite.Sample" name="linkTestYoutubeLink" time="5.245"/>
  <testcase classname="OrchidCollegeWebSite.Sample" name="searchButton" time="5.549"/>
</testsuite> <!-- Default test -->
