<?xml version="1.0" encoding="UTF-8"?>
<testng-results ignored="9" total="10" passed="1" failed="0" skipped="0">
  <reporter-output>
  </reporter-output>
  <suite started-at="2022-12-14T10:22:49 IST" name="Default suite" finished-at="2022-12-14T10:23:02 IST" duration-ms="13365">
    <groups>
    </groups>
    <test started-at="2022-12-14T10:22:49 IST" name="Default test" finished-at="2022-12-14T10:23:02 IST" duration-ms="13365">
      <class name="OrchidCollegeWebSite.OrchidWebSiteTest">
        <test-method is-config="true" signature="init()[pri:0, instance:OrchidCollegeWebSite.OrchidWebSiteTest@932bc4a]" started-at="2022-12-14T10:22:49 IST" name="init" finished-at="2022-12-14T10:23:01 IST" duration-ms="12045" status="PASS">
          <reporter-output>
          </reporter-output>
        </test-method> <!-- init -->
        <test-method signature="noLink()[pri:0, instance:OrchidCollegeWebSite.OrchidWebSiteTest@932bc4a]" started-at="2022-12-14T10:23:01 IST" name="noLink" finished-at="2022-12-14T10:23:02 IST" duration-ms="1262" status="PASS">
          <reporter-output>
          </reporter-output>
        </test-method> <!-- noLink -->
      </class> <!-- OrchidCollegeWebSite.OrchidWebSiteTest -->
    </test> <!-- Default test -->
  </suite> <!-- Default suite -->
</testng-results>
